<?xml version="1.0" encoding="UTF-8"?>
<testsuite name="Testing" tests="2" skipped="0" failures="0" errors="0" timestamp="2022-04-12T03:41:37" hostname="ARIN" time="0.159">
  <properties/>
  <testcase name="testArray" classname="Testing" time="0.158"/>
  <testcase name="testTambah" classname="Testing" time="0.001"/>
  <system-out><![CDATA[]]></system-out>
  <system-err><![CDATA[]]></system-err>
</testsuite>
